2022-06-11 17:08:46,045 - INFO - Processing file './rawData/012.nirs', with condition 'normal' ...
2022-06-11 17:08:46,045 - INFO - Number of channels: 46, Number of regions: 11
2022-06-11 17:08:46,045 - INFO - Activation analysis! averaging trial data
2022-06-11 17:08:46,188 - INFO - Successfully loaded data from ./rawData/012.nirs
2022-06-11 17:08:46,188 - INFO - Data shape: (11433, 3, 46), Stimulus data shape: (11433, 4)
2022-06-11 17:08:46,192 - INFO - Number of stims: 20
2022-06-11 17:08:46,193 - INFO - Trial starts: [1261 1719 2173 2696 3206 3609 4048 4424 4794 5169]
2022-06-11 17:08:46,193 - INFO - Trial ends: [1485 1974 2521 2946 3445 3857 4302 4667 5032 5431]
2022-06-11 17:08:46,194 - INFO - Mean trial duration: 256.1
2022-06-11 17:08:46,195 - INFO - Number of observations in ROI: 224
2022-06-11 17:08:46,198 - INFO - Saved data to ./output_20220611_170846/processed_act/normal/012.mat
2022-06-11 17:08:46,198 - INFO - Processing file './rawData/012.nirs', with condition 'normal' ...
2022-06-11 17:08:46,198 - INFO - Number of channels: 46, Number of regions: 11
2022-06-11 17:08:46,198 - INFO - Connectivity analysis! concatenating trial data
2022-06-11 17:08:46,325 - INFO - Successfully loaded data from ./rawData/012.nirs
2022-06-11 17:08:46,325 - INFO - Data shape: (11433, 3, 46), Stimulus data shape: (11433, 4)
2022-06-11 17:08:46,326 - INFO - Number of stims: 20
2022-06-11 17:08:46,326 - INFO - Trial starts: [1261 1719 2173 2696 3206 3609 4048 4424 4794 5169]
2022-06-11 17:08:46,326 - INFO - Trial ends: [1485 1974 2521 2946 3445 3857 4302 4667 5032 5431]
2022-06-11 17:08:46,326 - INFO - Mean trial duration: 256.1
2022-06-11 17:08:46,326 - INFO - Number of observations in ROI: 2561
2022-06-11 17:08:46,342 - INFO - Saved data to ./output_20220611_170846/processed_con/normal/012.mat
2022-06-11 17:08:46,343 - INFO - Processing file './rawData/032.nirs', with condition 'normal' ...
2022-06-11 17:08:46,343 - INFO - Number of channels: 46, Number of regions: 11
2022-06-11 17:08:46,343 - INFO - Activation analysis! averaging trial data
2022-06-11 17:08:46,598 - INFO - Successfully loaded data from ./rawData/032.nirs
2022-06-11 17:08:46,598 - INFO - Data shape: (16470, 3, 46), Stimulus data shape: (16470, 4)
2022-06-11 17:08:46,599 - INFO - Number of stims: 20
2022-06-11 17:08:46,599 - INFO - Trial starts: [5372 6014 6473 6985 7463 7914 8380 8820 9260 9709]
2022-06-11 17:08:46,599 - INFO - Trial ends: [ 5687  6261  6733  7240  7719  8192  8636  9076  9514 10006]
2022-06-11 17:08:46,599 - INFO - Mean trial duration: 267.4
2022-06-11 17:08:46,600 - INFO - Number of observations in ROI: 247
2022-06-11 17:08:46,601 - WARNING - Peak activation padding overshoots data at start
2022-06-11 17:08:46,609 - INFO - Saved data to ./output_20220611_170846/processed_act/normal/032.mat
2022-06-11 17:08:46,609 - INFO - Processing file './rawData/032.nirs', with condition 'normal' ...
2022-06-11 17:08:46,609 - INFO - Number of channels: 46, Number of regions: 11
2022-06-11 17:08:46,609 - INFO - Connectivity analysis! concatenating trial data
2022-06-11 17:08:46,789 - INFO - Successfully loaded data from ./rawData/032.nirs
2022-06-11 17:08:46,789 - INFO - Data shape: (16470, 3, 46), Stimulus data shape: (16470, 4)
2022-06-11 17:08:46,789 - INFO - Number of stims: 20
2022-06-11 17:08:46,789 - INFO - Trial starts: [5372 6014 6473 6985 7463 7914 8380 8820 9260 9709]
2022-06-11 17:08:46,789 - INFO - Trial ends: [ 5687  6261  6733  7240  7719  8192  8636  9076  9514 10006]
2022-06-11 17:08:46,789 - INFO - Mean trial duration: 267.4
2022-06-11 17:08:46,790 - INFO - Number of observations in ROI: 2674
2022-06-11 17:08:46,798 - INFO - Saved data to ./output_20220611_170846/processed_con/normal/032.mat
2022-06-11 17:08:47,590 - INFO - Processing file './rawData/012.nirs', with condition 'attack' ...
2022-06-11 17:08:47,590 - INFO - Number of channels: 46, Number of regions: 11
2022-06-11 17:08:47,590 - INFO - Activation analysis! averaging trial data
2022-06-11 17:08:47,717 - INFO - Successfully loaded data from ./rawData/012.nirs
2022-06-11 17:08:47,718 - INFO - Data shape: (11433, 3, 46), Stimulus data shape: (11433, 4)
2022-06-11 17:08:47,718 - INFO - Number of stims: 20
2022-06-11 17:08:47,718 - INFO - Trial starts: [ 6193  6767  7146  7609  8012  8513  8968  9403  9903 10310]
2022-06-11 17:08:47,718 - INFO - Trial ends: [ 6487  7096  7476  7866  8268  8828  9222  9695 10179 10596]
2022-06-11 17:08:47,718 - INFO - Mean trial duration: 288.9
2022-06-11 17:08:47,719 - INFO - Number of observations in ROI: 254
2022-06-11 17:08:47,719 - WARNING - Peak activation padding overshoots data at start
2022-06-11 17:08:47,722 - INFO - Saved data to ./output_20220611_170846/processed_act/attack/012.mat
2022-06-11 17:08:47,722 - INFO - Processing file './rawData/012.nirs', with condition 'attack' ...
2022-06-11 17:08:47,722 - INFO - Number of channels: 46, Number of regions: 11
2022-06-11 17:08:47,722 - INFO - Connectivity analysis! concatenating trial data
2022-06-11 17:08:47,845 - INFO - Successfully loaded data from ./rawData/012.nirs
2022-06-11 17:08:47,845 - INFO - Data shape: (11433, 3, 46), Stimulus data shape: (11433, 4)
2022-06-11 17:08:47,846 - INFO - Number of stims: 20
2022-06-11 17:08:47,846 - INFO - Trial starts: [ 6193  6767  7146  7609  8012  8513  8968  9403  9903 10310]
2022-06-11 17:08:47,846 - INFO - Trial ends: [ 6487  7096  7476  7866  8268  8828  9222  9695 10179 10596]
2022-06-11 17:08:47,846 - INFO - Mean trial duration: 288.9
2022-06-11 17:08:47,847 - INFO - Number of observations in ROI: 2889
2022-06-11 17:08:47,855 - INFO - Saved data to ./output_20220611_170846/processed_con/attack/012.mat
2022-06-11 17:08:47,857 - INFO - Processing file './rawData/032.nirs', with condition 'attack' ...
2022-06-11 17:08:47,857 - INFO - Number of channels: 46, Number of regions: 11
2022-06-11 17:08:47,857 - INFO - Activation analysis! averaging trial data
2022-06-11 17:08:48,048 - INFO - Successfully loaded data from ./rawData/032.nirs
2022-06-11 17:08:48,048 - INFO - Data shape: (16470, 3, 46), Stimulus data shape: (16470, 4)
2022-06-11 17:08:48,055 - INFO - Number of stims: 20
2022-06-11 17:08:48,055 - INFO - Trial starts: [11277 11811 12379 12853 13413 13951 14390 14921 15633 16124]
2022-06-11 17:08:48,055 - INFO - Trial ends: [11528 12083 12659 13228 13680 14220 14694 15294 15902 16373]
2022-06-11 17:08:48,055 - INFO - Mean trial duration: 290.9
2022-06-11 17:08:48,057 - INFO - Number of observations in ROI: 249
2022-06-11 17:08:48,060 - INFO - Saved data to ./output_20220611_170846/processed_act/attack/032.mat
2022-06-11 17:08:48,060 - INFO - Processing file './rawData/032.nirs', with condition 'attack' ...
2022-06-11 17:08:48,060 - INFO - Number of channels: 46, Number of regions: 11
2022-06-11 17:08:48,060 - INFO - Connectivity analysis! concatenating trial data
2022-06-11 17:08:48,251 - INFO - Successfully loaded data from ./rawData/032.nirs
2022-06-11 17:08:48,251 - INFO - Data shape: (16470, 3, 46), Stimulus data shape: (16470, 4)
2022-06-11 17:08:48,252 - INFO - Number of stims: 20
2022-06-11 17:08:48,252 - INFO - Trial starts: [11277 11811 12379 12853 13413 13951 14390 14921 15633 16124]
2022-06-11 17:08:48,252 - INFO - Trial ends: [11528 12083 12659 13228 13680 14220 14694 15294 15902 16373]
2022-06-11 17:08:48,252 - INFO - Mean trial duration: 290.9
2022-06-11 17:08:48,253 - INFO - Number of observations in ROI: 2909
2022-06-11 17:08:48,261 - INFO - Saved data to ./output_20220611_170846/processed_con/attack/032.mat
