2022-07-02 15:41:09,662 - INFO - Processing file './rawData/012.nirs', with condition 'normal' ...
2022-07-02 15:41:09,662 - INFO - Number of channels: 46, Number of regions: 11
2022-07-02 15:41:09,662 - INFO - Activation analysis! averaging trial data
2022-07-02 15:41:09,797 - INFO - Successfully loaded data from ./rawData/012.nirs
2022-07-02 15:41:09,797 - INFO - Data shape: (11433, 3, 46), Stimulus data shape: (11433, 4)
2022-07-02 15:41:09,802 - ERROR - name 'baseline' is not defined
2022-07-02 15:41:09,802 - INFO - Processing file './rawData/032.nirs', with condition 'normal' ...
2022-07-02 15:41:09,802 - INFO - Number of channels: 46, Number of regions: 11
2022-07-02 15:41:09,802 - INFO - Activation analysis! averaging trial data
2022-07-02 15:41:10,001 - INFO - Successfully loaded data from ./rawData/032.nirs
2022-07-02 15:41:10,001 - INFO - Data shape: (16470, 3, 46), Stimulus data shape: (16470, 4)
2022-07-02 15:41:10,007 - ERROR - name 'baseline' is not defined
2022-07-02 15:41:10,788 - INFO - Processing file './rawData/012.nirs', with condition 'attack' ...
2022-07-02 15:41:10,788 - INFO - Number of channels: 46, Number of regions: 11
2022-07-02 15:41:10,788 - INFO - Activation analysis! averaging trial data
2022-07-02 15:41:10,913 - INFO - Successfully loaded data from ./rawData/012.nirs
2022-07-02 15:41:10,913 - INFO - Data shape: (11433, 3, 46), Stimulus data shape: (11433, 4)
2022-07-02 15:41:10,913 - ERROR - name 'baseline' is not defined
2022-07-02 15:41:10,913 - INFO - Processing file './rawData/032.nirs', with condition 'attack' ...
2022-07-02 15:41:10,913 - INFO - Number of channels: 46, Number of regions: 11
2022-07-02 15:41:10,913 - INFO - Activation analysis! averaging trial data
2022-07-02 15:41:11,096 - INFO - Successfully loaded data from ./rawData/032.nirs
2022-07-02 15:41:11,096 - INFO - Data shape: (16470, 3, 46), Stimulus data shape: (16470, 4)
2022-07-02 15:41:11,100 - ERROR - name 'baseline' is not defined
