2022-05-30 14:02:05,281 - INFO - Processing condition 'normal' for file ./rawData/012.nirs
2022-05-30 14:02:05,409 - INFO - Number of stims: 20
2022-05-30 14:02:05,409 - INFO - Mean trial duration: 256.1
2022-05-30 14:02:05,409 - INFO - Data shape: (11433, 3, 46), Stimulus data shape: (11433, 4)
2022-05-30 14:02:05,409 - INFO - Number of channels: 46, Number of regions: 11
2022-05-30 14:02:05,410 - INFO - Number of observations in ROI: 2561
2022-05-30 14:02:05,425 - INFO - Saved data to ./output_20220530_140205/processed/normal/012.mat
2022-05-30 14:02:05,431 - INFO - Processing condition 'normal' for file ./rawData/032.nirs
2022-05-30 14:02:05,671 - INFO - Number of stims: 20
2022-05-30 14:02:05,671 - INFO - Mean trial duration: 267.4
2022-05-30 14:02:05,671 - INFO - Data shape: (16470, 3, 46), Stimulus data shape: (16470, 4)
2022-05-30 14:02:05,671 - INFO - Number of channels: 46, Number of regions: 11
2022-05-30 14:02:05,673 - INFO - Number of observations in ROI: 2674
2022-05-30 14:02:05,696 - INFO - Saved data to ./output_20220530_140205/processed/normal/032.mat
2022-05-30 14:02:06,417 - INFO - Processing condition 'attack' for file ./rawData/012.nirs
2022-05-30 14:02:06,543 - INFO - Number of stims: 20
2022-05-30 14:02:06,544 - INFO - Mean trial duration: 288.9
2022-05-30 14:02:06,544 - INFO - Data shape: (11433, 3, 46), Stimulus data shape: (11433, 4)
2022-05-30 14:02:06,544 - INFO - Number of channels: 46, Number of regions: 11
2022-05-30 14:02:06,545 - INFO - Number of observations in ROI: 2889
2022-05-30 14:02:06,555 - INFO - Saved data to ./output_20220530_140205/processed/attack/012.mat
2022-05-30 14:02:06,557 - INFO - Processing condition 'attack' for file ./rawData/032.nirs
2022-05-30 14:02:06,754 - INFO - Number of stims: 20
2022-05-30 14:02:06,754 - INFO - Mean trial duration: 290.9
2022-05-30 14:02:06,754 - INFO - Data shape: (16470, 3, 46), Stimulus data shape: (16470, 4)
2022-05-30 14:02:06,754 - INFO - Number of channels: 46, Number of regions: 11
2022-05-30 14:02:06,758 - INFO - Number of observations in ROI: 2909
2022-05-30 14:02:06,767 - INFO - Saved data to ./output_20220530_140205/processed/attack/032.mat
