2022-07-02 15:46:30,951 - INFO - Processing file './rawData/012.nirs', with condition 'normal' ...
2022-07-02 15:46:30,951 - INFO - Number of channels: 46, Number of regions: 11
2022-07-02 15:46:30,951 - INFO - Activation analysis! averaging trial data
2022-07-02 15:46:31,078 - INFO - Successfully loaded data from ./rawData/012.nirs
2022-07-02 15:46:31,078 - INFO - Data shape: (11433, 3, 46), Stimulus data shape: (11433, 4)
2022-07-02 15:46:31,079 - ERROR - name 'bn' is not defined
2022-07-02 15:46:31,079 - INFO - Processing file './rawData/032.nirs', with condition 'normal' ...
2022-07-02 15:46:31,079 - INFO - Number of channels: 46, Number of regions: 11
2022-07-02 15:46:31,079 - INFO - Activation analysis! averaging trial data
2022-07-02 15:46:31,261 - INFO - Successfully loaded data from ./rawData/032.nirs
2022-07-02 15:46:31,261 - INFO - Data shape: (16470, 3, 46), Stimulus data shape: (16470, 4)
2022-07-02 15:46:31,261 - ERROR - name 'bn' is not defined
2022-07-02 15:46:31,943 - INFO - Processing file './rawData/012.nirs', with condition 'attack' ...
2022-07-02 15:46:31,943 - INFO - Number of channels: 46, Number of regions: 11
2022-07-02 15:46:31,943 - INFO - Activation analysis! averaging trial data
2022-07-02 15:46:32,069 - INFO - Successfully loaded data from ./rawData/012.nirs
2022-07-02 15:46:32,069 - INFO - Data shape: (11433, 3, 46), Stimulus data shape: (11433, 4)
2022-07-02 15:46:32,070 - ERROR - name 'bn' is not defined
2022-07-02 15:46:32,070 - INFO - Processing file './rawData/032.nirs', with condition 'attack' ...
2022-07-02 15:46:32,070 - INFO - Number of channels: 46, Number of regions: 11
2022-07-02 15:46:32,070 - INFO - Activation analysis! averaging trial data
2022-07-02 15:46:32,250 - INFO - Successfully loaded data from ./rawData/032.nirs
2022-07-02 15:46:32,250 - INFO - Data shape: (16470, 3, 46), Stimulus data shape: (16470, 4)
2022-07-02 15:46:32,250 - ERROR - name 'bn' is not defined
