2022-06-11 17:54:42,610 - INFO - Processing file './rawData/012.nirs', with condition 'normal' ...
2022-06-11 17:54:42,610 - INFO - Number of channels: 46, Number of regions: 11
2022-06-11 17:54:42,610 - INFO - Activation analysis! averaging trial data
2022-06-11 17:54:42,740 - INFO - Successfully loaded data from ./rawData/012.nirs
2022-06-11 17:54:42,740 - INFO - Data shape: (11433, 3, 46), Stimulus data shape: (11433, 4)
2022-06-11 17:54:42,740 - INFO - Number of stims: 20
2022-06-11 17:54:42,740 - INFO - Trial starts: [1261 1719 2173 2696 3206 3609 4048 4424 4794 5169]
2022-06-11 17:54:42,741 - INFO - Trial ends: [1485 1974 2521 2946 3445 3857 4302 4667 5032 5431]
2022-06-11 17:54:42,741 - INFO - Mean trial duration: 256.1
2022-06-11 17:54:42,742 - INFO - Number of observations in ROI: 224
2022-06-11 17:54:42,746 - INFO - Saved data to ./output_20220611_175442/processed_act/normal/012.mat
2022-06-11 17:54:42,746 - INFO - Processing file './rawData/012.nirs', with condition 'normal' ...
2022-06-11 17:54:42,746 - INFO - Number of channels: 46, Number of regions: 11
2022-06-11 17:54:42,746 - INFO - Connectivity analysis! concatenating trial data
2022-06-11 17:54:42,869 - INFO - Successfully loaded data from ./rawData/012.nirs
2022-06-11 17:54:42,869 - INFO - Data shape: (11433, 3, 46), Stimulus data shape: (11433, 4)
2022-06-11 17:54:42,870 - INFO - Number of stims: 20
2022-06-11 17:54:42,870 - INFO - Trial starts: [1261 1719 2173 2696 3206 3609 4048 4424 4794 5169]
2022-06-11 17:54:42,870 - INFO - Trial ends: [1485 1974 2521 2946 3445 3857 4302 4667 5032 5431]
2022-06-11 17:54:42,870 - INFO - Mean trial duration: 256.1
2022-06-11 17:54:42,870 - INFO - Number of observations in ROI: 2561
2022-06-11 17:54:42,882 - INFO - Saved data to ./output_20220611_175442/processed_con/normal/012.mat
2022-06-11 17:54:42,883 - INFO - Processing file './rawData/032.nirs', with condition 'normal' ...
2022-06-11 17:54:42,883 - INFO - Number of channels: 46, Number of regions: 11
2022-06-11 17:54:42,883 - INFO - Activation analysis! averaging trial data
2022-06-11 17:54:43,133 - INFO - Successfully loaded data from ./rawData/032.nirs
2022-06-11 17:54:43,133 - INFO - Data shape: (16470, 3, 46), Stimulus data shape: (16470, 4)
2022-06-11 17:54:43,134 - INFO - Number of stims: 20
2022-06-11 17:54:43,134 - INFO - Trial starts: [5372 6014 6473 6985 7463 7914 8380 8820 9260 9709]
2022-06-11 17:54:43,134 - INFO - Trial ends: [ 5687  6261  6733  7240  7719  8192  8636  9076  9514 10006]
2022-06-11 17:54:43,134 - INFO - Mean trial duration: 267.4
2022-06-11 17:54:43,136 - INFO - Number of observations in ROI: 247
2022-06-11 17:54:43,136 - WARNING - Peak activation padding overshoots data at start
2022-06-11 17:54:43,143 - INFO - Saved data to ./output_20220611_175442/processed_act/normal/032.mat
2022-06-11 17:54:43,143 - INFO - Processing file './rawData/032.nirs', with condition 'normal' ...
2022-06-11 17:54:43,143 - INFO - Number of channels: 46, Number of regions: 11
2022-06-11 17:54:43,143 - INFO - Connectivity analysis! concatenating trial data
2022-06-11 17:54:43,323 - INFO - Successfully loaded data from ./rawData/032.nirs
2022-06-11 17:54:43,323 - INFO - Data shape: (16470, 3, 46), Stimulus data shape: (16470, 4)
2022-06-11 17:54:43,324 - INFO - Number of stims: 20
2022-06-11 17:54:43,324 - INFO - Trial starts: [5372 6014 6473 6985 7463 7914 8380 8820 9260 9709]
2022-06-11 17:54:43,324 - INFO - Trial ends: [ 5687  6261  6733  7240  7719  8192  8636  9076  9514 10006]
2022-06-11 17:54:43,324 - INFO - Mean trial duration: 267.4
2022-06-11 17:54:43,325 - INFO - Number of observations in ROI: 2674
2022-06-11 17:54:43,330 - INFO - Saved data to ./output_20220611_175442/processed_con/normal/032.mat
2022-06-11 17:54:44,071 - INFO - Processing file './rawData/012.nirs', with condition 'attack' ...
2022-06-11 17:54:44,071 - INFO - Number of channels: 46, Number of regions: 11
2022-06-11 17:54:44,071 - INFO - Activation analysis! averaging trial data
2022-06-11 17:54:44,197 - INFO - Successfully loaded data from ./rawData/012.nirs
2022-06-11 17:54:44,197 - INFO - Data shape: (11433, 3, 46), Stimulus data shape: (11433, 4)
2022-06-11 17:54:44,198 - INFO - Number of stims: 20
2022-06-11 17:54:44,198 - INFO - Trial starts: [ 6193  6767  7146  7609  8012  8513  8968  9403  9903 10310]
2022-06-11 17:54:44,198 - INFO - Trial ends: [ 6487  7096  7476  7866  8268  8828  9222  9695 10179 10596]
2022-06-11 17:54:44,198 - INFO - Mean trial duration: 288.9
2022-06-11 17:54:44,199 - INFO - Number of observations in ROI: 254
2022-06-11 17:54:44,199 - WARNING - Peak activation padding overshoots data at start
2022-06-11 17:54:44,204 - INFO - Saved data to ./output_20220611_175442/processed_act/attack/012.mat
2022-06-11 17:54:44,204 - INFO - Processing file './rawData/012.nirs', with condition 'attack' ...
2022-06-11 17:54:44,204 - INFO - Number of channels: 46, Number of regions: 11
2022-06-11 17:54:44,204 - INFO - Connectivity analysis! concatenating trial data
2022-06-11 17:54:44,330 - INFO - Successfully loaded data from ./rawData/012.nirs
2022-06-11 17:54:44,330 - INFO - Data shape: (11433, 3, 46), Stimulus data shape: (11433, 4)
2022-06-11 17:54:44,330 - INFO - Number of stims: 20
2022-06-11 17:54:44,330 - INFO - Trial starts: [ 6193  6767  7146  7609  8012  8513  8968  9403  9903 10310]
2022-06-11 17:54:44,330 - INFO - Trial ends: [ 6487  7096  7476  7866  8268  8828  9222  9695 10179 10596]
2022-06-11 17:54:44,330 - INFO - Mean trial duration: 288.9
2022-06-11 17:54:44,331 - INFO - Number of observations in ROI: 2889
2022-06-11 17:54:44,337 - INFO - Saved data to ./output_20220611_175442/processed_con/attack/012.mat
2022-06-11 17:54:44,339 - INFO - Processing file './rawData/032.nirs', with condition 'attack' ...
2022-06-11 17:54:44,339 - INFO - Number of channels: 46, Number of regions: 11
2022-06-11 17:54:44,339 - INFO - Activation analysis! averaging trial data
2022-06-11 17:54:44,531 - INFO - Successfully loaded data from ./rawData/032.nirs
2022-06-11 17:54:44,531 - INFO - Data shape: (16470, 3, 46), Stimulus data shape: (16470, 4)
2022-06-11 17:54:44,532 - INFO - Number of stims: 20
2022-06-11 17:54:44,532 - INFO - Trial starts: [11277 11811 12379 12853 13413 13951 14390 14921 15633 16124]
2022-06-11 17:54:44,532 - INFO - Trial ends: [11528 12083 12659 13228 13680 14220 14694 15294 15902 16373]
2022-06-11 17:54:44,532 - INFO - Mean trial duration: 290.9
2022-06-11 17:54:44,534 - INFO - Number of observations in ROI: 249
2022-06-11 17:54:44,540 - INFO - Saved data to ./output_20220611_175442/processed_act/attack/032.mat
2022-06-11 17:54:44,540 - INFO - Processing file './rawData/032.nirs', with condition 'attack' ...
2022-06-11 17:54:44,540 - INFO - Number of channels: 46, Number of regions: 11
2022-06-11 17:54:44,540 - INFO - Connectivity analysis! concatenating trial data
2022-06-11 17:54:44,726 - INFO - Successfully loaded data from ./rawData/032.nirs
2022-06-11 17:54:44,726 - INFO - Data shape: (16470, 3, 46), Stimulus data shape: (16470, 4)
2022-06-11 17:54:44,727 - INFO - Number of stims: 20
2022-06-11 17:54:44,727 - INFO - Trial starts: [11277 11811 12379 12853 13413 13951 14390 14921 15633 16124]
2022-06-11 17:54:44,727 - INFO - Trial ends: [11528 12083 12659 13228 13680 14220 14694 15294 15902 16373]
2022-06-11 17:54:44,727 - INFO - Mean trial duration: 290.9
2022-06-11 17:54:44,728 - INFO - Number of observations in ROI: 2909
2022-06-11 17:54:44,734 - INFO - Saved data to ./output_20220611_175442/processed_con/attack/032.mat
