2022-07-02 15:45:36,085 - INFO - Processing file './rawData/012.nirs', with condition 'normal' ...
2022-07-02 15:45:36,085 - INFO - Number of channels: 46, Number of regions: 11
2022-07-02 15:45:36,085 - INFO - Activation analysis! averaging trial data
2022-07-02 15:45:36,214 - INFO - Successfully loaded data from ./rawData/012.nirs
2022-07-02 15:45:36,214 - INFO - Data shape: (11433, 3, 46), Stimulus data shape: (11433, 4)
2022-07-02 15:45:36,225 - ERROR - name 'bn' is not defined
2022-07-02 15:45:36,225 - INFO - Processing file './rawData/032.nirs', with condition 'normal' ...
2022-07-02 15:45:36,225 - INFO - Number of channels: 46, Number of regions: 11
2022-07-02 15:45:36,225 - INFO - Activation analysis! averaging trial data
2022-07-02 15:45:36,415 - INFO - Successfully loaded data from ./rawData/032.nirs
2022-07-02 15:45:36,415 - INFO - Data shape: (16470, 3, 46), Stimulus data shape: (16470, 4)
2022-07-02 15:45:36,426 - ERROR - name 'bn' is not defined
2022-07-02 15:45:37,131 - INFO - Processing file './rawData/012.nirs', with condition 'attack' ...
2022-07-02 15:45:37,131 - INFO - Number of channels: 46, Number of regions: 11
2022-07-02 15:45:37,131 - INFO - Activation analysis! averaging trial data
2022-07-02 15:45:37,258 - INFO - Successfully loaded data from ./rawData/012.nirs
2022-07-02 15:45:37,259 - INFO - Data shape: (11433, 3, 46), Stimulus data shape: (11433, 4)
2022-07-02 15:45:37,270 - ERROR - name 'bn' is not defined
2022-07-02 15:45:37,270 - INFO - Processing file './rawData/032.nirs', with condition 'attack' ...
2022-07-02 15:45:37,270 - INFO - Number of channels: 46, Number of regions: 11
2022-07-02 15:45:37,270 - INFO - Activation analysis! averaging trial data
2022-07-02 15:45:37,451 - INFO - Successfully loaded data from ./rawData/032.nirs
2022-07-02 15:45:37,451 - INFO - Data shape: (16470, 3, 46), Stimulus data shape: (16470, 4)
2022-07-02 15:45:37,464 - ERROR - name 'bn' is not defined
