2022-07-02 15:53:14,489 - INFO - Processing file './rawData/012.nirs', with condition 'normal' ...
2022-07-02 15:53:14,489 - INFO - Number of channels: 46, Number of regions: 11
2022-07-02 15:53:14,489 - INFO - Activation analysis! averaging trial data
2022-07-02 15:53:14,615 - INFO - Successfully loaded data from ./rawData/012.nirs
2022-07-02 15:53:14,615 - INFO - Data shape: (11433, 3, 46), Stimulus data shape: (11433, 4)
2022-07-02 15:53:14,615 - INFO - Number of stims: 20
2022-07-02 15:53:14,615 - INFO - Trial starts: [1261 1719 2173 2696 3206 3609 4048 4424 4794 5169]
2022-07-02 15:53:14,615 - INFO - Trial ends: [1485 1974 2521 2946 3445 3857 4302 4667 5032 5431]
2022-07-02 15:53:14,615 - INFO - Mean trial duration: 256.1
2022-07-02 15:53:14,616 - INFO - Number of observations in ROI: 224
2022-07-02 15:53:14,621 - INFO - Saved data to ./output_20220702_155314/processed_act/normal/012.mat
2022-07-02 15:53:14,621 - INFO - Processing file './rawData/012.nirs', with condition 'normal' ...
2022-07-02 15:53:14,621 - INFO - Number of channels: 46, Number of regions: 11
2022-07-02 15:53:14,621 - INFO - Connectivity analysis! concatenating trial data
2022-07-02 15:53:14,746 - INFO - Successfully loaded data from ./rawData/012.nirs
2022-07-02 15:53:14,746 - INFO - Data shape: (11433, 3, 46), Stimulus data shape: (11433, 4)
2022-07-02 15:53:14,747 - INFO - Number of stims: 20
2022-07-02 15:53:14,747 - INFO - Trial starts: [1261 1719 2173 2696 3206 3609 4048 4424 4794 5169]
2022-07-02 15:53:14,747 - INFO - Trial ends: [1485 1974 2521 2946 3445 3857 4302 4667 5032 5431]
2022-07-02 15:53:14,747 - INFO - Mean trial duration: 256.1
2022-07-02 15:53:14,747 - INFO - Number of observations in ROI: 2561
2022-07-02 15:53:14,755 - INFO - Saved data to ./output_20220702_155314/processed_con/normal/012.mat
2022-07-02 15:53:14,756 - INFO - Processing file './rawData/032.nirs', with condition 'normal' ...
2022-07-02 15:53:14,756 - INFO - Number of channels: 46, Number of regions: 11
2022-07-02 15:53:14,756 - INFO - Activation analysis! averaging trial data
2022-07-02 15:53:15,009 - INFO - Successfully loaded data from ./rawData/032.nirs
2022-07-02 15:53:15,009 - INFO - Data shape: (16470, 3, 46), Stimulus data shape: (16470, 4)
2022-07-02 15:53:15,010 - INFO - Number of stims: 20
2022-07-02 15:53:15,010 - INFO - Trial starts: [5372 6014 6473 6985 7463 7914 8380 8820 9260 9709]
2022-07-02 15:53:15,010 - INFO - Trial ends: [ 5687  6261  6733  7240  7719  8192  8636  9076  9514 10006]
2022-07-02 15:53:15,010 - INFO - Mean trial duration: 267.4
2022-07-02 15:53:15,011 - INFO - Number of observations in ROI: 247
2022-07-02 15:53:15,011 - WARNING - Peak activation padding overshoots data at start
2022-07-02 15:53:15,024 - INFO - Saved data to ./output_20220702_155314/processed_act/normal/032.mat
2022-07-02 15:53:15,024 - INFO - Processing file './rawData/032.nirs', with condition 'normal' ...
2022-07-02 15:53:15,024 - INFO - Number of channels: 46, Number of regions: 11
2022-07-02 15:53:15,024 - INFO - Connectivity analysis! concatenating trial data
2022-07-02 15:53:15,203 - INFO - Successfully loaded data from ./rawData/032.nirs
2022-07-02 15:53:15,203 - INFO - Data shape: (16470, 3, 46), Stimulus data shape: (16470, 4)
2022-07-02 15:53:15,203 - INFO - Number of stims: 20
2022-07-02 15:53:15,204 - INFO - Trial starts: [5372 6014 6473 6985 7463 7914 8380 8820 9260 9709]
2022-07-02 15:53:15,204 - INFO - Trial ends: [ 5687  6261  6733  7240  7719  8192  8636  9076  9514 10006]
2022-07-02 15:53:15,204 - INFO - Mean trial duration: 267.4
2022-07-02 15:53:15,204 - INFO - Number of observations in ROI: 2674
2022-07-02 15:53:15,210 - INFO - Saved data to ./output_20220702_155314/processed_con/normal/032.mat
2022-07-02 15:53:15,929 - INFO - Processing file './rawData/012.nirs', with condition 'attack' ...
2022-07-02 15:53:15,929 - INFO - Number of channels: 46, Number of regions: 11
2022-07-02 15:53:15,929 - INFO - Activation analysis! averaging trial data
2022-07-02 15:53:16,055 - INFO - Successfully loaded data from ./rawData/012.nirs
2022-07-02 15:53:16,055 - INFO - Data shape: (11433, 3, 46), Stimulus data shape: (11433, 4)
2022-07-02 15:53:16,056 - INFO - Number of stims: 20
2022-07-02 15:53:16,056 - INFO - Trial starts: [ 6193  6767  7146  7609  8012  8513  8968  9403  9903 10310]
2022-07-02 15:53:16,056 - INFO - Trial ends: [ 6487  7096  7476  7866  8268  8828  9222  9695 10179 10596]
2022-07-02 15:53:16,056 - INFO - Mean trial duration: 288.9
2022-07-02 15:53:16,057 - INFO - Number of observations in ROI: 254
2022-07-02 15:53:16,057 - WARNING - Peak activation padding overshoots data at start
2022-07-02 15:53:16,063 - INFO - Saved data to ./output_20220702_155314/processed_act/attack/012.mat
2022-07-02 15:53:16,063 - INFO - Processing file './rawData/012.nirs', with condition 'attack' ...
2022-07-02 15:53:16,063 - INFO - Number of channels: 46, Number of regions: 11
2022-07-02 15:53:16,063 - INFO - Connectivity analysis! concatenating trial data
2022-07-02 15:53:16,188 - INFO - Successfully loaded data from ./rawData/012.nirs
2022-07-02 15:53:16,188 - INFO - Data shape: (11433, 3, 46), Stimulus data shape: (11433, 4)
2022-07-02 15:53:16,189 - INFO - Number of stims: 20
2022-07-02 15:53:16,189 - INFO - Trial starts: [ 6193  6767  7146  7609  8012  8513  8968  9403  9903 10310]
2022-07-02 15:53:16,189 - INFO - Trial ends: [ 6487  7096  7476  7866  8268  8828  9222  9695 10179 10596]
2022-07-02 15:53:16,189 - INFO - Mean trial duration: 288.9
2022-07-02 15:53:16,189 - INFO - Number of observations in ROI: 2889
2022-07-02 15:53:16,196 - INFO - Saved data to ./output_20220702_155314/processed_con/attack/012.mat
2022-07-02 15:53:16,198 - INFO - Processing file './rawData/032.nirs', with condition 'attack' ...
2022-07-02 15:53:16,198 - INFO - Number of channels: 46, Number of regions: 11
2022-07-02 15:53:16,198 - INFO - Activation analysis! averaging trial data
2022-07-02 15:53:16,389 - INFO - Successfully loaded data from ./rawData/032.nirs
2022-07-02 15:53:16,389 - INFO - Data shape: (16470, 3, 46), Stimulus data shape: (16470, 4)
2022-07-02 15:53:16,390 - INFO - Number of stims: 20
2022-07-02 15:53:16,390 - INFO - Trial starts: [11277 11811 12379 12853 13413 13951 14390 14921 15633 16124]
2022-07-02 15:53:16,390 - INFO - Trial ends: [11528 12083 12659 13228 13680 14220 14694 15294 15902 16373]
2022-07-02 15:53:16,390 - INFO - Mean trial duration: 290.9
2022-07-02 15:53:16,391 - INFO - Number of observations in ROI: 249
2022-07-02 15:53:16,397 - INFO - Saved data to ./output_20220702_155314/processed_act/attack/032.mat
2022-07-02 15:53:16,397 - INFO - Processing file './rawData/032.nirs', with condition 'attack' ...
2022-07-02 15:53:16,397 - INFO - Number of channels: 46, Number of regions: 11
2022-07-02 15:53:16,397 - INFO - Connectivity analysis! concatenating trial data
2022-07-02 15:53:16,578 - INFO - Successfully loaded data from ./rawData/032.nirs
2022-07-02 15:53:16,578 - INFO - Data shape: (16470, 3, 46), Stimulus data shape: (16470, 4)
2022-07-02 15:53:16,579 - INFO - Number of stims: 20
2022-07-02 15:53:16,579 - INFO - Trial starts: [11277 11811 12379 12853 13413 13951 14390 14921 15633 16124]
2022-07-02 15:53:16,579 - INFO - Trial ends: [11528 12083 12659 13228 13680 14220 14694 15294 15902 16373]
2022-07-02 15:53:16,579 - INFO - Mean trial duration: 290.9
2022-07-02 15:53:16,580 - INFO - Number of observations in ROI: 2909
2022-07-02 15:53:16,586 - INFO - Saved data to ./output_20220702_155314/processed_con/attack/032.mat
