2022-06-06 10:04:11,730 - INFO - Processing file './rawData/012.nirs', with condition 'normal' ...
2022-06-06 10:04:11,730 - INFO - Number of channels: 46, Number of regions: 11
2022-06-06 10:04:11,730 - INFO - Activation analysis! averaging trial data
2022-06-06 10:04:11,860 - INFO - Successfully loaded data from ./rawData/012.nirs
2022-06-06 10:04:11,860 - INFO - Data shape: (11433, 3, 46), Stimulus data shape: (11433, 4)
2022-06-06 10:04:11,861 - INFO - Number of stims: 20
2022-06-06 10:04:11,861 - INFO - Trial starts: [1261 1719 2173 2696 3206 3609 4048 4424 4794 5169]
2022-06-06 10:04:11,861 - INFO - Trial ends: [1485 1974 2521 2946 3445 3857 4302 4667 5032 5431]
2022-06-06 10:04:11,861 - INFO - Mean trial duration: 256.1
2022-06-06 10:04:11,863 - INFO - Number of observations in ROI: 224
2022-06-06 10:04:11,866 - INFO - Saved data to ./output_20220606_100411/processed_act/normal/012.mat
2022-06-06 10:04:11,866 - INFO - Processing file './rawData/012.nirs', with condition 'normal' ...
2022-06-06 10:04:11,866 - INFO - Number of channels: 46, Number of regions: 11
2022-06-06 10:04:11,866 - INFO - Connectivity analysis! concatenating trial data
2022-06-06 10:04:11,991 - INFO - Successfully loaded data from ./rawData/012.nirs
2022-06-06 10:04:11,991 - INFO - Data shape: (11433, 3, 46), Stimulus data shape: (11433, 4)
2022-06-06 10:04:11,991 - INFO - Number of stims: 20
2022-06-06 10:04:11,991 - INFO - Trial starts: [1261 1719 2173 2696 3206 3609 4048 4424 4794 5169]
2022-06-06 10:04:11,991 - INFO - Trial ends: [1485 1974 2521 2946 3445 3857 4302 4667 5032 5431]
2022-06-06 10:04:11,991 - INFO - Mean trial duration: 256.1
2022-06-06 10:04:11,992 - INFO - Number of observations in ROI: 2561
2022-06-06 10:04:12,004 - INFO - Saved data to ./output_20220606_100411/processed_con/normal/012.mat
2022-06-06 10:04:12,004 - INFO - Processing file './rawData/032.nirs', with condition 'normal' ...
2022-06-06 10:04:12,004 - INFO - Number of channels: 46, Number of regions: 11
2022-06-06 10:04:12,004 - INFO - Activation analysis! averaging trial data
2022-06-06 10:04:12,261 - INFO - Successfully loaded data from ./rawData/032.nirs
2022-06-06 10:04:12,261 - INFO - Data shape: (16470, 3, 46), Stimulus data shape: (16470, 4)
2022-06-06 10:04:12,263 - INFO - Number of stims: 20
2022-06-06 10:04:12,263 - INFO - Trial starts: [5372 6014 6473 6985 7463 7914 8380 8820 9260 9709]
2022-06-06 10:04:12,263 - INFO - Trial ends: [ 5687  6261  6733  7240  7719  8192  8636  9076  9514 10006]
2022-06-06 10:04:12,263 - INFO - Mean trial duration: 267.4
2022-06-06 10:04:12,265 - INFO - Number of observations in ROI: 247
2022-06-06 10:04:12,265 - WARNING - Peak activation padding overshoots data at start
2022-06-06 10:04:12,272 - INFO - Saved data to ./output_20220606_100411/processed_act/normal/032.mat
2022-06-06 10:04:12,272 - INFO - Processing file './rawData/032.nirs', with condition 'normal' ...
2022-06-06 10:04:12,272 - INFO - Number of channels: 46, Number of regions: 11
2022-06-06 10:04:12,272 - INFO - Connectivity analysis! concatenating trial data
2022-06-06 10:04:12,451 - INFO - Successfully loaded data from ./rawData/032.nirs
2022-06-06 10:04:12,451 - INFO - Data shape: (16470, 3, 46), Stimulus data shape: (16470, 4)
2022-06-06 10:04:12,452 - INFO - Number of stims: 20
2022-06-06 10:04:12,452 - INFO - Trial starts: [5372 6014 6473 6985 7463 7914 8380 8820 9260 9709]
2022-06-06 10:04:12,452 - INFO - Trial ends: [ 5687  6261  6733  7240  7719  8192  8636  9076  9514 10006]
2022-06-06 10:04:12,452 - INFO - Mean trial duration: 267.4
2022-06-06 10:04:12,452 - INFO - Number of observations in ROI: 2674
2022-06-06 10:04:12,458 - INFO - Saved data to ./output_20220606_100411/processed_con/normal/032.mat
2022-06-06 10:04:13,195 - INFO - Processing file './rawData/012.nirs', with condition 'attack' ...
2022-06-06 10:04:13,195 - INFO - Number of channels: 46, Number of regions: 11
2022-06-06 10:04:13,195 - INFO - Activation analysis! averaging trial data
2022-06-06 10:04:13,321 - INFO - Successfully loaded data from ./rawData/012.nirs
2022-06-06 10:04:13,322 - INFO - Data shape: (11433, 3, 46), Stimulus data shape: (11433, 4)
2022-06-06 10:04:13,322 - INFO - Number of stims: 20
2022-06-06 10:04:13,322 - INFO - Trial starts: [ 6193  6767  7146  7609  8012  8513  8968  9403  9903 10310]
2022-06-06 10:04:13,322 - INFO - Trial ends: [ 6487  7096  7476  7866  8268  8828  9222  9695 10179 10596]
2022-06-06 10:04:13,322 - INFO - Mean trial duration: 288.9
2022-06-06 10:04:13,323 - INFO - Number of observations in ROI: 254
2022-06-06 10:04:13,323 - WARNING - Peak activation padding overshoots data at start
2022-06-06 10:04:13,326 - INFO - Saved data to ./output_20220606_100411/processed_act/attack/012.mat
2022-06-06 10:04:13,326 - INFO - Processing file './rawData/012.nirs', with condition 'attack' ...
2022-06-06 10:04:13,326 - INFO - Number of channels: 46, Number of regions: 11
2022-06-06 10:04:13,326 - INFO - Connectivity analysis! concatenating trial data
2022-06-06 10:04:13,451 - INFO - Successfully loaded data from ./rawData/012.nirs
2022-06-06 10:04:13,451 - INFO - Data shape: (11433, 3, 46), Stimulus data shape: (11433, 4)
2022-06-06 10:04:13,451 - INFO - Number of stims: 20
2022-06-06 10:04:13,451 - INFO - Trial starts: [ 6193  6767  7146  7609  8012  8513  8968  9403  9903 10310]
2022-06-06 10:04:13,451 - INFO - Trial ends: [ 6487  7096  7476  7866  8268  8828  9222  9695 10179 10596]
2022-06-06 10:04:13,451 - INFO - Mean trial duration: 288.9
2022-06-06 10:04:13,452 - INFO - Number of observations in ROI: 2889
2022-06-06 10:04:13,459 - INFO - Saved data to ./output_20220606_100411/processed_con/attack/012.mat
2022-06-06 10:04:13,459 - INFO - Processing file './rawData/032.nirs', with condition 'attack' ...
2022-06-06 10:04:13,459 - INFO - Number of channels: 46, Number of regions: 11
2022-06-06 10:04:13,459 - INFO - Activation analysis! averaging trial data
2022-06-06 10:04:13,653 - INFO - Successfully loaded data from ./rawData/032.nirs
2022-06-06 10:04:13,653 - INFO - Data shape: (16470, 3, 46), Stimulus data shape: (16470, 4)
2022-06-06 10:04:13,657 - INFO - Number of stims: 20
2022-06-06 10:04:13,657 - INFO - Trial starts: [11277 11811 12379 12853 13413 13951 14390 14921 15633 16124]
2022-06-06 10:04:13,657 - INFO - Trial ends: [11528 12083 12659 13228 13680 14220 14694 15294 15902 16373]
2022-06-06 10:04:13,657 - INFO - Mean trial duration: 290.9
2022-06-06 10:04:13,659 - INFO - Number of observations in ROI: 249
2022-06-06 10:04:13,662 - INFO - Saved data to ./output_20220606_100411/processed_act/attack/032.mat
2022-06-06 10:04:13,662 - INFO - Processing file './rawData/032.nirs', with condition 'attack' ...
2022-06-06 10:04:13,662 - INFO - Number of channels: 46, Number of regions: 11
2022-06-06 10:04:13,662 - INFO - Connectivity analysis! concatenating trial data
2022-06-06 10:04:13,843 - INFO - Successfully loaded data from ./rawData/032.nirs
2022-06-06 10:04:13,843 - INFO - Data shape: (16470, 3, 46), Stimulus data shape: (16470, 4)
2022-06-06 10:04:13,844 - INFO - Number of stims: 20
2022-06-06 10:04:13,844 - INFO - Trial starts: [11277 11811 12379 12853 13413 13951 14390 14921 15633 16124]
2022-06-06 10:04:13,844 - INFO - Trial ends: [11528 12083 12659 13228 13680 14220 14694 15294 15902 16373]
2022-06-06 10:04:13,844 - INFO - Mean trial duration: 290.9
2022-06-06 10:04:13,845 - INFO - Number of observations in ROI: 2909
2022-06-06 10:04:13,854 - INFO - Saved data to ./output_20220606_100411/processed_con/attack/032.mat
