2022-07-02 15:55:05,910 - INFO - Processing file './rawData/012.nirs', with condition 'normal' ...
2022-07-02 15:55:05,910 - INFO - Number of channels: 46, Number of regions: 11
2022-07-02 15:55:05,910 - INFO - Activation analysis! averaging trial data
2022-07-02 15:55:06,038 - INFO - Successfully loaded data from ./rawData/012.nirs
2022-07-02 15:55:06,038 - INFO - Data shape: (11433, 3, 46), Stimulus data shape: (11433, 4)
2022-07-02 15:55:06,039 - INFO - Number of stims: 20
2022-07-02 15:55:06,039 - INFO - Trial starts: [1261 1719 2173 2696 3206 3609 4048 4424 4794 5169]
2022-07-02 15:55:06,039 - INFO - Trial ends: [1485 1974 2521 2946 3445 3857 4302 4667 5032 5431]
2022-07-02 15:55:06,039 - INFO - Mean trial duration: 256.1
2022-07-02 15:55:06,041 - INFO - Number of observations in ROI: 224
2022-07-02 15:55:06,044 - INFO - Saved data to ./output_20220702_155505/processed_act/normal/012.mat
2022-07-02 15:55:06,044 - INFO - Processing file './rawData/012.nirs', with condition 'normal' ...
2022-07-02 15:55:06,044 - INFO - Number of channels: 46, Number of regions: 11
2022-07-02 15:55:06,044 - INFO - Connectivity analysis! concatenating trial data
2022-07-02 15:55:06,169 - INFO - Successfully loaded data from ./rawData/012.nirs
2022-07-02 15:55:06,169 - INFO - Data shape: (11433, 3, 46), Stimulus data shape: (11433, 4)
2022-07-02 15:55:06,170 - INFO - Number of stims: 20
2022-07-02 15:55:06,170 - INFO - Trial starts: [1261 1719 2173 2696 3206 3609 4048 4424 4794 5169]
2022-07-02 15:55:06,170 - INFO - Trial ends: [1485 1974 2521 2946 3445 3857 4302 4667 5032 5431]
2022-07-02 15:55:06,170 - INFO - Mean trial duration: 256.1
2022-07-02 15:55:06,171 - INFO - Number of observations in ROI: 2561
2022-07-02 15:55:06,177 - INFO - Saved data to ./output_20220702_155505/processed_con/normal/012.mat
2022-07-02 15:55:06,179 - INFO - Processing file './rawData/032.nirs', with condition 'normal' ...
2022-07-02 15:55:06,179 - INFO - Number of channels: 46, Number of regions: 11
2022-07-02 15:55:06,179 - INFO - Activation analysis! averaging trial data
2022-07-02 15:55:06,441 - INFO - Successfully loaded data from ./rawData/032.nirs
2022-07-02 15:55:06,442 - INFO - Data shape: (16470, 3, 46), Stimulus data shape: (16470, 4)
2022-07-02 15:55:06,443 - INFO - Number of stims: 20
2022-07-02 15:55:06,443 - INFO - Trial starts: [5372 6014 6473 6985 7463 7914 8380 8820 9260 9709]
2022-07-02 15:55:06,443 - INFO - Trial ends: [ 5687  6261  6733  7240  7719  8192  8636  9076  9514 10006]
2022-07-02 15:55:06,443 - INFO - Mean trial duration: 267.4
2022-07-02 15:55:06,444 - INFO - Number of observations in ROI: 247
2022-07-02 15:55:06,445 - WARNING - Peak activation padding overshoots data at start
2022-07-02 15:55:06,451 - INFO - Saved data to ./output_20220702_155505/processed_act/normal/032.mat
2022-07-02 15:55:06,451 - INFO - Processing file './rawData/032.nirs', with condition 'normal' ...
2022-07-02 15:55:06,451 - INFO - Number of channels: 46, Number of regions: 11
2022-07-02 15:55:06,451 - INFO - Connectivity analysis! concatenating trial data
2022-07-02 15:55:06,633 - INFO - Successfully loaded data from ./rawData/032.nirs
2022-07-02 15:55:06,633 - INFO - Data shape: (16470, 3, 46), Stimulus data shape: (16470, 4)
2022-07-02 15:55:06,633 - INFO - Number of stims: 20
2022-07-02 15:55:06,634 - INFO - Trial starts: [5372 6014 6473 6985 7463 7914 8380 8820 9260 9709]
2022-07-02 15:55:06,634 - INFO - Trial ends: [ 5687  6261  6733  7240  7719  8192  8636  9076  9514 10006]
2022-07-02 15:55:06,634 - INFO - Mean trial duration: 267.4
2022-07-02 15:55:06,634 - INFO - Number of observations in ROI: 2674
2022-07-02 15:55:06,641 - INFO - Saved data to ./output_20220702_155505/processed_con/normal/032.mat
2022-07-02 15:55:07,395 - INFO - Processing file './rawData/012.nirs', with condition 'attack' ...
2022-07-02 15:55:07,395 - INFO - Number of channels: 46, Number of regions: 11
2022-07-02 15:55:07,395 - INFO - Activation analysis! averaging trial data
2022-07-02 15:55:07,519 - INFO - Successfully loaded data from ./rawData/012.nirs
2022-07-02 15:55:07,519 - INFO - Data shape: (11433, 3, 46), Stimulus data shape: (11433, 4)
2022-07-02 15:55:07,520 - INFO - Number of stims: 20
2022-07-02 15:55:07,520 - INFO - Trial starts: [ 6193  6767  7146  7609  8012  8513  8968  9403  9903 10310]
2022-07-02 15:55:07,520 - INFO - Trial ends: [ 6487  7096  7476  7866  8268  8828  9222  9695 10179 10596]
2022-07-02 15:55:07,520 - INFO - Mean trial duration: 288.9
2022-07-02 15:55:07,521 - INFO - Number of observations in ROI: 254
2022-07-02 15:55:07,522 - WARNING - Peak activation padding overshoots data at start
2022-07-02 15:55:07,528 - INFO - Saved data to ./output_20220702_155505/processed_act/attack/012.mat
2022-07-02 15:55:07,528 - INFO - Processing file './rawData/012.nirs', with condition 'attack' ...
2022-07-02 15:55:07,528 - INFO - Number of channels: 46, Number of regions: 11
2022-07-02 15:55:07,528 - INFO - Connectivity analysis! concatenating trial data
2022-07-02 15:55:07,651 - INFO - Successfully loaded data from ./rawData/012.nirs
2022-07-02 15:55:07,651 - INFO - Data shape: (11433, 3, 46), Stimulus data shape: (11433, 4)
2022-07-02 15:55:07,652 - INFO - Number of stims: 20
2022-07-02 15:55:07,652 - INFO - Trial starts: [ 6193  6767  7146  7609  8012  8513  8968  9403  9903 10310]
2022-07-02 15:55:07,652 - INFO - Trial ends: [ 6487  7096  7476  7866  8268  8828  9222  9695 10179 10596]
2022-07-02 15:55:07,652 - INFO - Mean trial duration: 288.9
2022-07-02 15:55:07,652 - INFO - Number of observations in ROI: 2889
2022-07-02 15:55:07,658 - INFO - Saved data to ./output_20220702_155505/processed_con/attack/012.mat
2022-07-02 15:55:07,660 - INFO - Processing file './rawData/032.nirs', with condition 'attack' ...
2022-07-02 15:55:07,660 - INFO - Number of channels: 46, Number of regions: 11
2022-07-02 15:55:07,660 - INFO - Activation analysis! averaging trial data
2022-07-02 15:55:07,851 - INFO - Successfully loaded data from ./rawData/032.nirs
2022-07-02 15:55:07,851 - INFO - Data shape: (16470, 3, 46), Stimulus data shape: (16470, 4)
2022-07-02 15:55:07,854 - INFO - Number of stims: 20
2022-07-02 15:55:07,854 - INFO - Trial starts: [11277 11811 12379 12853 13413 13951 14390 14921 15633 16124]
2022-07-02 15:55:07,854 - INFO - Trial ends: [11528 12083 12659 13228 13680 14220 14694 15294 15902 16373]
2022-07-02 15:55:07,854 - INFO - Mean trial duration: 290.9
2022-07-02 15:55:07,855 - INFO - Number of observations in ROI: 249
2022-07-02 15:55:07,861 - INFO - Saved data to ./output_20220702_155505/processed_act/attack/032.mat
2022-07-02 15:55:07,861 - INFO - Processing file './rawData/032.nirs', with condition 'attack' ...
2022-07-02 15:55:07,861 - INFO - Number of channels: 46, Number of regions: 11
2022-07-02 15:55:07,861 - INFO - Connectivity analysis! concatenating trial data
2022-07-02 15:55:08,044 - INFO - Successfully loaded data from ./rawData/032.nirs
2022-07-02 15:55:08,044 - INFO - Data shape: (16470, 3, 46), Stimulus data shape: (16470, 4)
2022-07-02 15:55:08,044 - INFO - Number of stims: 20
2022-07-02 15:55:08,044 - INFO - Trial starts: [11277 11811 12379 12853 13413 13951 14390 14921 15633 16124]
2022-07-02 15:55:08,044 - INFO - Trial ends: [11528 12083 12659 13228 13680 14220 14694 15294 15902 16373]
2022-07-02 15:55:08,044 - INFO - Mean trial duration: 290.9
2022-07-02 15:55:08,045 - INFO - Number of observations in ROI: 2909
2022-07-02 15:55:08,057 - INFO - Saved data to ./output_20220702_155505/processed_con/attack/032.mat
