2022-05-30 22:14:29,280 - INFO - Processing condition 'normal' for file ./rawData/012.nirs
2022-05-30 22:14:29,424 - INFO - Number of stims: 20
2022-05-30 22:14:29,424 - INFO - Mean trial duration: 256.1
2022-05-30 22:14:29,424 - INFO - Data shape: (11433, 3, 46), Stimulus data shape: (11433, 4)
2022-05-30 22:14:29,424 - INFO - Number of channels: 46, Number of regions: 11
2022-05-30 22:14:29,425 - INFO - Number of observations in ROI: 2561
2022-05-30 22:14:29,443 - INFO - Saved data to ./output_20220530_221429/processed/normal/012.mat
2022-05-30 22:14:29,447 - INFO - Processing condition 'normal' for file ./rawData/032.nirs
2022-05-30 22:14:29,701 - INFO - Number of stims: 20
2022-05-30 22:14:29,701 - INFO - Mean trial duration: 267.4
2022-05-30 22:14:29,701 - INFO - Data shape: (16470, 3, 46), Stimulus data shape: (16470, 4)
2022-05-30 22:14:29,701 - INFO - Number of channels: 46, Number of regions: 11
2022-05-30 22:14:29,703 - INFO - Number of observations in ROI: 2674
2022-05-30 22:14:29,713 - INFO - Saved data to ./output_20220530_221429/processed/normal/032.mat
2022-05-30 22:14:30,483 - INFO - Processing condition 'attack' for file ./rawData/012.nirs
2022-05-30 22:14:30,611 - INFO - Number of stims: 20
2022-05-30 22:14:30,612 - INFO - Mean trial duration: 288.9
2022-05-30 22:14:30,612 - INFO - Data shape: (11433, 3, 46), Stimulus data shape: (11433, 4)
2022-05-30 22:14:30,612 - INFO - Number of channels: 46, Number of regions: 11
2022-05-30 22:14:30,613 - INFO - Number of observations in ROI: 2889
2022-05-30 22:14:30,619 - INFO - Saved data to ./output_20220530_221429/processed/attack/012.mat
2022-05-30 22:14:30,621 - INFO - Processing condition 'attack' for file ./rawData/032.nirs
2022-05-30 22:14:30,818 - INFO - Number of stims: 20
2022-05-30 22:14:30,818 - INFO - Mean trial duration: 290.9
2022-05-30 22:14:30,818 - INFO - Data shape: (16470, 3, 46), Stimulus data shape: (16470, 4)
2022-05-30 22:14:30,818 - INFO - Number of channels: 46, Number of regions: 11
2022-05-30 22:14:30,819 - INFO - Number of observations in ROI: 2909
2022-05-30 22:14:30,839 - INFO - Saved data to ./output_20220530_221429/processed/attack/032.mat
