2022-06-06 09:10:09,771 - INFO - Processing file './rawData/012.nirs', with condition 'normal' ...
2022-06-06 09:10:09,771 - INFO - Number of channels: 46, Number of regions: 11
2022-06-06 09:10:09,771 - INFO - Activation analysis! averaging trial data
2022-06-06 09:10:09,906 - INFO - Successfully loaded data from ./rawData/012.nirs
2022-06-06 09:10:09,906 - INFO - Data shape: (11433, 3, 46), Stimulus data shape: (11433, 4)
2022-06-06 09:10:09,906 - INFO - Number of stims: 20
2022-06-06 09:10:09,907 - INFO - Trial starts: [1261 1719 2173 2696 3206 3609 4048 4424 4794 5169]
2022-06-06 09:10:09,907 - INFO - Trial ends: [1485 1974 2521 2946 3445 3857 4302 4667 5032 5431]
2022-06-06 09:10:09,907 - INFO - Mean trial duration: 256.1
2022-06-06 09:10:09,908 - INFO - Number of observations in ROI: 224
2022-06-06 09:10:09,910 - INFO - Saved data to ./output_20220606_091009/processed_act/normal/012.mat
2022-06-06 09:10:09,910 - INFO - Processing file './rawData/012.nirs', with condition 'normal' ...
2022-06-06 09:10:09,910 - INFO - Number of channels: 46, Number of regions: 11
2022-06-06 09:10:09,910 - INFO - Connectivity analysis! concatenating trial data
2022-06-06 09:10:10,035 - INFO - Successfully loaded data from ./rawData/012.nirs
2022-06-06 09:10:10,035 - INFO - Data shape: (11433, 3, 46), Stimulus data shape: (11433, 4)
2022-06-06 09:10:10,035 - INFO - Number of stims: 20
2022-06-06 09:10:10,035 - INFO - Trial starts: [1261 1719 2173 2696 3206 3609 4048 4424 4794 5169]
2022-06-06 09:10:10,035 - INFO - Trial ends: [1485 1974 2521 2946 3445 3857 4302 4667 5032 5431]
2022-06-06 09:10:10,035 - INFO - Mean trial duration: 256.1
2022-06-06 09:10:10,036 - INFO - Number of observations in ROI: 2561
2022-06-06 09:10:10,043 - INFO - Saved data to ./output_20220606_091009/processed_con/normal/012.mat
2022-06-06 09:10:10,043 - INFO - Processing file './rawData/032.nirs', with condition 'normal' ...
2022-06-06 09:10:10,043 - INFO - Number of channels: 46, Number of regions: 11
2022-06-06 09:10:10,043 - INFO - Activation analysis! averaging trial data
2022-06-06 09:10:10,308 - INFO - Successfully loaded data from ./rawData/032.nirs
2022-06-06 09:10:10,309 - INFO - Data shape: (16470, 3, 46), Stimulus data shape: (16470, 4)
2022-06-06 09:10:10,309 - INFO - Number of stims: 20
2022-06-06 09:10:10,309 - INFO - Trial starts: [5372 6014 6473 6985 7463 7914 8380 8820 9260 9709]
2022-06-06 09:10:10,309 - INFO - Trial ends: [ 5687  6261  6733  7240  7719  8192  8636  9076  9514 10006]
2022-06-06 09:10:10,310 - INFO - Mean trial duration: 267.4
2022-06-06 09:10:10,311 - INFO - Number of observations in ROI: 247
2022-06-06 09:10:10,311 - WARNING - Peak activation padding overshoots data at start
2022-06-06 09:10:10,314 - INFO - Saved data to ./output_20220606_091009/processed_act/normal/032.mat
2022-06-06 09:10:10,314 - INFO - Processing file './rawData/032.nirs', with condition 'normal' ...
2022-06-06 09:10:10,314 - INFO - Number of channels: 46, Number of regions: 11
2022-06-06 09:10:10,314 - INFO - Connectivity analysis! concatenating trial data
2022-06-06 09:10:10,492 - INFO - Successfully loaded data from ./rawData/032.nirs
2022-06-06 09:10:10,492 - INFO - Data shape: (16470, 3, 46), Stimulus data shape: (16470, 4)
2022-06-06 09:10:10,493 - INFO - Number of stims: 20
2022-06-06 09:10:10,493 - INFO - Trial starts: [5372 6014 6473 6985 7463 7914 8380 8820 9260 9709]
2022-06-06 09:10:10,493 - INFO - Trial ends: [ 5687  6261  6733  7240  7719  8192  8636  9076  9514 10006]
2022-06-06 09:10:10,493 - INFO - Mean trial duration: 267.4
2022-06-06 09:10:10,494 - INFO - Number of observations in ROI: 2674
2022-06-06 09:10:10,499 - INFO - Saved data to ./output_20220606_091009/processed_con/normal/032.mat
2022-06-06 09:10:11,224 - INFO - Processing file './rawData/012.nirs', with condition 'attack' ...
2022-06-06 09:10:11,224 - INFO - Number of channels: 46, Number of regions: 11
2022-06-06 09:10:11,225 - INFO - Activation analysis! averaging trial data
2022-06-06 09:10:11,350 - INFO - Successfully loaded data from ./rawData/012.nirs
2022-06-06 09:10:11,350 - INFO - Data shape: (11433, 3, 46), Stimulus data shape: (11433, 4)
2022-06-06 09:10:11,351 - INFO - Number of stims: 20
2022-06-06 09:10:11,351 - INFO - Trial starts: [ 6193  6767  7146  7609  8012  8513  8968  9403  9903 10310]
2022-06-06 09:10:11,351 - INFO - Trial ends: [ 6487  7096  7476  7866  8268  8828  9222  9695 10179 10596]
2022-06-06 09:10:11,351 - INFO - Mean trial duration: 288.9
2022-06-06 09:10:11,352 - INFO - Number of observations in ROI: 254
2022-06-06 09:10:11,352 - WARNING - Peak activation padding overshoots data at start
2022-06-06 09:10:11,355 - INFO - Saved data to ./output_20220606_091009/processed_act/attack/012.mat
2022-06-06 09:10:11,355 - INFO - Processing file './rawData/012.nirs', with condition 'attack' ...
2022-06-06 09:10:11,355 - INFO - Number of channels: 46, Number of regions: 11
2022-06-06 09:10:11,355 - INFO - Connectivity analysis! concatenating trial data
2022-06-06 09:10:11,480 - INFO - Successfully loaded data from ./rawData/012.nirs
2022-06-06 09:10:11,480 - INFO - Data shape: (11433, 3, 46), Stimulus data shape: (11433, 4)
2022-06-06 09:10:11,481 - INFO - Number of stims: 20
2022-06-06 09:10:11,481 - INFO - Trial starts: [ 6193  6767  7146  7609  8012  8513  8968  9403  9903 10310]
2022-06-06 09:10:11,481 - INFO - Trial ends: [ 6487  7096  7476  7866  8268  8828  9222  9695 10179 10596]
2022-06-06 09:10:11,481 - INFO - Mean trial duration: 288.9
2022-06-06 09:10:11,481 - INFO - Number of observations in ROI: 2889
2022-06-06 09:10:11,488 - INFO - Saved data to ./output_20220606_091009/processed_con/attack/012.mat
2022-06-06 09:10:11,488 - INFO - Processing file './rawData/032.nirs', with condition 'attack' ...
2022-06-06 09:10:11,488 - INFO - Number of channels: 46, Number of regions: 11
2022-06-06 09:10:11,488 - INFO - Activation analysis! averaging trial data
2022-06-06 09:10:11,680 - INFO - Successfully loaded data from ./rawData/032.nirs
2022-06-06 09:10:11,680 - INFO - Data shape: (16470, 3, 46), Stimulus data shape: (16470, 4)
2022-06-06 09:10:11,681 - INFO - Number of stims: 20
2022-06-06 09:10:11,681 - INFO - Trial starts: [11277 11811 12379 12853 13413 13951 14390 14921 15633 16124]
2022-06-06 09:10:11,681 - INFO - Trial ends: [11528 12083 12659 13228 13680 14220 14694 15294 15902 16373]
2022-06-06 09:10:11,681 - INFO - Mean trial duration: 290.9
2022-06-06 09:10:11,682 - INFO - Number of observations in ROI: 249
2022-06-06 09:10:11,685 - INFO - Saved data to ./output_20220606_091009/processed_act/attack/032.mat
2022-06-06 09:10:11,685 - INFO - Processing file './rawData/032.nirs', with condition 'attack' ...
2022-06-06 09:10:11,685 - INFO - Number of channels: 46, Number of regions: 11
2022-06-06 09:10:11,685 - INFO - Connectivity analysis! concatenating trial data
2022-06-06 09:10:11,869 - INFO - Successfully loaded data from ./rawData/032.nirs
2022-06-06 09:10:11,869 - INFO - Data shape: (16470, 3, 46), Stimulus data shape: (16470, 4)
2022-06-06 09:10:11,870 - INFO - Number of stims: 20
2022-06-06 09:10:11,870 - INFO - Trial starts: [11277 11811 12379 12853 13413 13951 14390 14921 15633 16124]
2022-06-06 09:10:11,870 - INFO - Trial ends: [11528 12083 12659 13228 13680 14220 14694 15294 15902 16373]
2022-06-06 09:10:11,870 - INFO - Mean trial duration: 290.9
2022-06-06 09:10:11,871 - INFO - Number of observations in ROI: 2909
2022-06-06 09:10:11,877 - INFO - Saved data to ./output_20220606_091009/processed_con/attack/032.mat
