2022-06-11 16:57:06,354 - INFO - Processing file './rawData/012.nirs', with condition 'normal' ...
2022-06-11 16:57:06,354 - INFO - Number of channels: 46, Number of regions: 11
2022-06-11 16:57:06,354 - INFO - Activation analysis! averaging trial data
2022-06-11 16:57:06,482 - INFO - Successfully loaded data from ./rawData/012.nirs
2022-06-11 16:57:06,482 - INFO - Data shape: (11433, 3, 46), Stimulus data shape: (11433, 4)
2022-06-11 16:57:06,482 - INFO - Number of stims: 20
2022-06-11 16:57:06,482 - INFO - Trial starts: [1261 1719 2173 2696 3206 3609 4048 4424 4794 5169]
2022-06-11 16:57:06,483 - INFO - Trial ends: [1485 1974 2521 2946 3445 3857 4302 4667 5032 5431]
2022-06-11 16:57:06,483 - INFO - Mean trial duration: 256.1
2022-06-11 16:57:06,484 - INFO - Number of observations in ROI: 224
2022-06-11 16:57:06,486 - INFO - Saved data to ./output_20220611_165706/processed_act/normal/012.mat
2022-06-11 16:57:06,486 - INFO - Processing file './rawData/012.nirs', with condition 'normal' ...
2022-06-11 16:57:06,486 - INFO - Number of channels: 46, Number of regions: 11
2022-06-11 16:57:06,486 - INFO - Connectivity analysis! concatenating trial data
2022-06-11 16:57:06,609 - INFO - Successfully loaded data from ./rawData/012.nirs
2022-06-11 16:57:06,609 - INFO - Data shape: (11433, 3, 46), Stimulus data shape: (11433, 4)
2022-06-11 16:57:06,609 - INFO - Number of stims: 20
2022-06-11 16:57:06,609 - INFO - Trial starts: [1261 1719 2173 2696 3206 3609 4048 4424 4794 5169]
2022-06-11 16:57:06,610 - INFO - Trial ends: [1485 1974 2521 2946 3445 3857 4302 4667 5032 5431]
2022-06-11 16:57:06,610 - INFO - Mean trial duration: 256.1
2022-06-11 16:57:06,610 - INFO - Number of observations in ROI: 2561
2022-06-11 16:57:06,620 - INFO - Saved data to ./output_20220611_165706/processed_con/normal/012.mat
2022-06-11 16:57:06,623 - INFO - Processing file './rawData/032.nirs', with condition 'normal' ...
2022-06-11 16:57:06,623 - INFO - Number of channels: 46, Number of regions: 11
2022-06-11 16:57:06,623 - INFO - Activation analysis! averaging trial data
2022-06-11 16:57:06,881 - INFO - Successfully loaded data from ./rawData/032.nirs
2022-06-11 16:57:06,881 - INFO - Data shape: (16470, 3, 46), Stimulus data shape: (16470, 4)
2022-06-11 16:57:06,882 - INFO - Number of stims: 20
2022-06-11 16:57:06,882 - INFO - Trial starts: [5372 6014 6473 6985 7463 7914 8380 8820 9260 9709]
2022-06-11 16:57:06,883 - INFO - Trial ends: [ 5687  6261  6733  7240  7719  8192  8636  9076  9514 10006]
2022-06-11 16:57:06,883 - INFO - Mean trial duration: 267.4
2022-06-11 16:57:06,884 - INFO - Number of observations in ROI: 247
2022-06-11 16:57:06,885 - WARNING - Peak activation padding overshoots data at start
2022-06-11 16:57:06,887 - INFO - Saved data to ./output_20220611_165706/processed_act/normal/032.mat
2022-06-11 16:57:06,887 - INFO - Processing file './rawData/032.nirs', with condition 'normal' ...
2022-06-11 16:57:06,887 - INFO - Number of channels: 46, Number of regions: 11
2022-06-11 16:57:06,887 - INFO - Connectivity analysis! concatenating trial data
2022-06-11 16:57:07,068 - INFO - Successfully loaded data from ./rawData/032.nirs
2022-06-11 16:57:07,069 - INFO - Data shape: (16470, 3, 46), Stimulus data shape: (16470, 4)
2022-06-11 16:57:07,069 - INFO - Number of stims: 20
2022-06-11 16:57:07,069 - INFO - Trial starts: [5372 6014 6473 6985 7463 7914 8380 8820 9260 9709]
2022-06-11 16:57:07,069 - INFO - Trial ends: [ 5687  6261  6733  7240  7719  8192  8636  9076  9514 10006]
2022-06-11 16:57:07,069 - INFO - Mean trial duration: 267.4
2022-06-11 16:57:07,070 - INFO - Number of observations in ROI: 2674
2022-06-11 16:57:07,076 - INFO - Saved data to ./output_20220611_165706/processed_con/normal/032.mat
2022-06-11 16:57:07,876 - INFO - Processing file './rawData/012.nirs', with condition 'attack' ...
2022-06-11 16:57:07,876 - INFO - Number of channels: 46, Number of regions: 11
2022-06-11 16:57:07,876 - INFO - Activation analysis! averaging trial data
2022-06-11 16:57:08,001 - INFO - Successfully loaded data from ./rawData/012.nirs
2022-06-11 16:57:08,001 - INFO - Data shape: (11433, 3, 46), Stimulus data shape: (11433, 4)
2022-06-11 16:57:08,001 - INFO - Number of stims: 20
2022-06-11 16:57:08,001 - INFO - Trial starts: [ 6193  6767  7146  7609  8012  8513  8968  9403  9903 10310]
2022-06-11 16:57:08,002 - INFO - Trial ends: [ 6487  7096  7476  7866  8268  8828  9222  9695 10179 10596]
2022-06-11 16:57:08,002 - INFO - Mean trial duration: 288.9
2022-06-11 16:57:08,003 - INFO - Number of observations in ROI: 254
2022-06-11 16:57:08,003 - WARNING - Peak activation padding overshoots data at start
2022-06-11 16:57:08,005 - INFO - Saved data to ./output_20220611_165706/processed_act/attack/012.mat
2022-06-11 16:57:08,005 - INFO - Processing file './rawData/012.nirs', with condition 'attack' ...
2022-06-11 16:57:08,005 - INFO - Number of channels: 46, Number of regions: 11
2022-06-11 16:57:08,005 - INFO - Connectivity analysis! concatenating trial data
2022-06-11 16:57:08,129 - INFO - Successfully loaded data from ./rawData/012.nirs
2022-06-11 16:57:08,129 - INFO - Data shape: (11433, 3, 46), Stimulus data shape: (11433, 4)
2022-06-11 16:57:08,130 - INFO - Number of stims: 20
2022-06-11 16:57:08,130 - INFO - Trial starts: [ 6193  6767  7146  7609  8012  8513  8968  9403  9903 10310]
2022-06-11 16:57:08,130 - INFO - Trial ends: [ 6487  7096  7476  7866  8268  8828  9222  9695 10179 10596]
2022-06-11 16:57:08,130 - INFO - Mean trial duration: 288.9
2022-06-11 16:57:08,130 - INFO - Number of observations in ROI: 2889
2022-06-11 16:57:08,147 - INFO - Saved data to ./output_20220611_165706/processed_con/attack/012.mat
2022-06-11 16:57:08,149 - INFO - Processing file './rawData/032.nirs', with condition 'attack' ...
2022-06-11 16:57:08,149 - INFO - Number of channels: 46, Number of regions: 11
2022-06-11 16:57:08,149 - INFO - Activation analysis! averaging trial data
2022-06-11 16:57:08,341 - INFO - Successfully loaded data from ./rawData/032.nirs
2022-06-11 16:57:08,341 - INFO - Data shape: (16470, 3, 46), Stimulus data shape: (16470, 4)
2022-06-11 16:57:08,342 - INFO - Number of stims: 20
2022-06-11 16:57:08,342 - INFO - Trial starts: [11277 11811 12379 12853 13413 13951 14390 14921 15633 16124]
2022-06-11 16:57:08,342 - INFO - Trial ends: [11528 12083 12659 13228 13680 14220 14694 15294 15902 16373]
2022-06-11 16:57:08,342 - INFO - Mean trial duration: 290.9
2022-06-11 16:57:08,344 - INFO - Number of observations in ROI: 249
2022-06-11 16:57:08,347 - INFO - Saved data to ./output_20220611_165706/processed_act/attack/032.mat
2022-06-11 16:57:08,347 - INFO - Processing file './rawData/032.nirs', with condition 'attack' ...
2022-06-11 16:57:08,347 - INFO - Number of channels: 46, Number of regions: 11
2022-06-11 16:57:08,347 - INFO - Connectivity analysis! concatenating trial data
2022-06-11 16:57:08,530 - INFO - Successfully loaded data from ./rawData/032.nirs
2022-06-11 16:57:08,530 - INFO - Data shape: (16470, 3, 46), Stimulus data shape: (16470, 4)
2022-06-11 16:57:08,531 - INFO - Number of stims: 20
2022-06-11 16:57:08,531 - INFO - Trial starts: [11277 11811 12379 12853 13413 13951 14390 14921 15633 16124]
2022-06-11 16:57:08,531 - INFO - Trial ends: [11528 12083 12659 13228 13680 14220 14694 15294 15902 16373]
2022-06-11 16:57:08,531 - INFO - Mean trial duration: 290.9
2022-06-11 16:57:08,531 - INFO - Number of observations in ROI: 2909
2022-06-11 16:57:08,551 - INFO - Saved data to ./output_20220611_165706/processed_con/attack/032.mat
