2022-05-29 01:33:45,302 - INFO - Processing condition 'normal' for file ./rawData/012.nirs
2022-05-29 01:33:45,428 - INFO - Number of stims: 20
2022-05-29 01:33:45,428 - INFO - Mean trial duration: 256.1
2022-05-29 01:33:45,428 - INFO - Data shape: (11433, 3, 46), Stimulus data shape: (11433, 4)
2022-05-29 01:33:45,428 - INFO - Number of channels: 46, Number of regions: 11
2022-05-29 01:33:45,428 - INFO - Number of observations in ROI: 2561
2022-05-29 01:33:45,561 - ERROR - Not implemented: effective connectivity
2022-05-29 01:33:45,561 - INFO - Processing condition 'normal' for file ./rawData/032.nirs
2022-05-29 01:33:45,787 - INFO - Number of stims: 20
2022-05-29 01:33:45,787 - INFO - Mean trial duration: 267.4
2022-05-29 01:33:45,787 - INFO - Data shape: (16470, 3, 46), Stimulus data shape: (16470, 4)
2022-05-29 01:33:45,787 - INFO - Number of channels: 46, Number of regions: 11
2022-05-29 01:33:45,788 - INFO - Number of observations in ROI: 2674
2022-05-29 01:33:45,927 - ERROR - Not implemented: effective connectivity
2022-05-29 01:33:45,927 - INFO - Processing condition 'attack' for file ./rawData/012.nirs
2022-05-29 01:33:46,099 - INFO - Number of stims: 20
2022-05-29 01:33:46,099 - INFO - Mean trial duration: 288.9
2022-05-29 01:33:46,099 - INFO - Data shape: (11433, 3, 46), Stimulus data shape: (11433, 4)
2022-05-29 01:33:46,099 - INFO - Number of channels: 46, Number of regions: 11
2022-05-29 01:33:46,100 - INFO - Number of observations in ROI: 2889
2022-05-29 01:33:46,229 - ERROR - Not implemented: effective connectivity
2022-05-29 01:33:46,229 - INFO - Processing condition 'attack' for file ./rawData/032.nirs
2022-05-29 01:33:46,436 - INFO - Number of stims: 20
2022-05-29 01:33:46,436 - INFO - Mean trial duration: 290.9
2022-05-29 01:33:46,436 - INFO - Data shape: (16470, 3, 46), Stimulus data shape: (16470, 4)
2022-05-29 01:33:46,436 - INFO - Number of channels: 46, Number of regions: 11
2022-05-29 01:33:46,437 - INFO - Number of observations in ROI: 2909
2022-05-29 01:33:46,596 - ERROR - Not implemented: effective connectivity
