2022-06-11 17:27:53,843 - INFO - Processing file './rawData/012.nirs', with condition 'normal' ...
2022-06-11 17:27:53,843 - INFO - Number of channels: 46, Number of regions: 11
2022-06-11 17:27:53,843 - INFO - Activation analysis! averaging trial data
2022-06-11 17:27:53,969 - INFO - Successfully loaded data from ./rawData/012.nirs
2022-06-11 17:27:53,969 - INFO - Data shape: (11433, 3, 46), Stimulus data shape: (11433, 4)
2022-06-11 17:27:53,969 - INFO - Number of stims: 20
2022-06-11 17:27:53,970 - INFO - Trial starts: [1261 1719 2173 2696 3206 3609 4048 4424 4794 5169]
2022-06-11 17:27:53,970 - INFO - Trial ends: [1485 1974 2521 2946 3445 3857 4302 4667 5032 5431]
2022-06-11 17:27:53,970 - INFO - Mean trial duration: 256.1
2022-06-11 17:27:53,971 - INFO - Number of observations in ROI: 224
2022-06-11 17:27:53,973 - INFO - Saved data to ./output_20220611_172753/processed_act/normal/012.mat
2022-06-11 17:27:53,973 - INFO - Processing file './rawData/012.nirs', with condition 'normal' ...
2022-06-11 17:27:53,974 - INFO - Number of channels: 46, Number of regions: 11
2022-06-11 17:27:53,974 - INFO - Connectivity analysis! concatenating trial data
2022-06-11 17:27:54,100 - INFO - Successfully loaded data from ./rawData/012.nirs
2022-06-11 17:27:54,100 - INFO - Data shape: (11433, 3, 46), Stimulus data shape: (11433, 4)
2022-06-11 17:27:54,100 - INFO - Number of stims: 20
2022-06-11 17:27:54,100 - INFO - Trial starts: [1261 1719 2173 2696 3206 3609 4048 4424 4794 5169]
2022-06-11 17:27:54,100 - INFO - Trial ends: [1485 1974 2521 2946 3445 3857 4302 4667 5032 5431]
2022-06-11 17:27:54,100 - INFO - Mean trial duration: 256.1
2022-06-11 17:27:54,101 - INFO - Number of observations in ROI: 2561
2022-06-11 17:27:54,114 - INFO - Saved data to ./output_20220611_172753/processed_con/normal/012.mat
2022-06-11 17:27:54,119 - INFO - Processing file './rawData/032.nirs', with condition 'normal' ...
2022-06-11 17:27:54,119 - INFO - Number of channels: 46, Number of regions: 11
2022-06-11 17:27:54,119 - INFO - Activation analysis! averaging trial data
2022-06-11 17:27:54,382 - INFO - Successfully loaded data from ./rawData/032.nirs
2022-06-11 17:27:54,382 - INFO - Data shape: (16470, 3, 46), Stimulus data shape: (16470, 4)
2022-06-11 17:27:54,383 - INFO - Number of stims: 20
2022-06-11 17:27:54,383 - INFO - Trial starts: [5372 6014 6473 6985 7463 7914 8380 8820 9260 9709]
2022-06-11 17:27:54,383 - INFO - Trial ends: [ 5687  6261  6733  7240  7719  8192  8636  9076  9514 10006]
2022-06-11 17:27:54,383 - INFO - Mean trial duration: 267.4
2022-06-11 17:27:54,384 - INFO - Number of observations in ROI: 247
2022-06-11 17:27:54,384 - WARNING - Peak activation padding overshoots data at start
2022-06-11 17:27:54,388 - INFO - Saved data to ./output_20220611_172753/processed_act/normal/032.mat
2022-06-11 17:27:54,389 - INFO - Processing file './rawData/032.nirs', with condition 'normal' ...
2022-06-11 17:27:54,389 - INFO - Number of channels: 46, Number of regions: 11
2022-06-11 17:27:54,389 - INFO - Connectivity analysis! concatenating trial data
2022-06-11 17:27:54,569 - INFO - Successfully loaded data from ./rawData/032.nirs
2022-06-11 17:27:54,569 - INFO - Data shape: (16470, 3, 46), Stimulus data shape: (16470, 4)
2022-06-11 17:27:54,569 - INFO - Number of stims: 20
2022-06-11 17:27:54,570 - INFO - Trial starts: [5372 6014 6473 6985 7463 7914 8380 8820 9260 9709]
2022-06-11 17:27:54,570 - INFO - Trial ends: [ 5687  6261  6733  7240  7719  8192  8636  9076  9514 10006]
2022-06-11 17:27:54,570 - INFO - Mean trial duration: 267.4
2022-06-11 17:27:54,570 - INFO - Number of observations in ROI: 2674
2022-06-11 17:27:54,577 - INFO - Saved data to ./output_20220611_172753/processed_con/normal/032.mat
2022-06-11 17:27:55,344 - INFO - Processing file './rawData/012.nirs', with condition 'attack' ...
2022-06-11 17:27:55,344 - INFO - Number of channels: 46, Number of regions: 11
2022-06-11 17:27:55,344 - INFO - Activation analysis! averaging trial data
2022-06-11 17:27:55,470 - INFO - Successfully loaded data from ./rawData/012.nirs
2022-06-11 17:27:55,470 - INFO - Data shape: (11433, 3, 46), Stimulus data shape: (11433, 4)
2022-06-11 17:27:55,470 - INFO - Number of stims: 20
2022-06-11 17:27:55,470 - INFO - Trial starts: [ 6193  6767  7146  7609  8012  8513  8968  9403  9903 10310]
2022-06-11 17:27:55,470 - INFO - Trial ends: [ 6487  7096  7476  7866  8268  8828  9222  9695 10179 10596]
2022-06-11 17:27:55,470 - INFO - Mean trial duration: 288.9
2022-06-11 17:27:55,471 - INFO - Number of observations in ROI: 254
2022-06-11 17:27:55,472 - WARNING - Peak activation padding overshoots data at start
2022-06-11 17:27:55,475 - INFO - Saved data to ./output_20220611_172753/processed_act/attack/012.mat
2022-06-11 17:27:55,475 - INFO - Processing file './rawData/012.nirs', with condition 'attack' ...
2022-06-11 17:27:55,475 - INFO - Number of channels: 46, Number of regions: 11
2022-06-11 17:27:55,475 - INFO - Connectivity analysis! concatenating trial data
2022-06-11 17:27:55,599 - INFO - Successfully loaded data from ./rawData/012.nirs
2022-06-11 17:27:55,599 - INFO - Data shape: (11433, 3, 46), Stimulus data shape: (11433, 4)
2022-06-11 17:27:55,600 - INFO - Number of stims: 20
2022-06-11 17:27:55,600 - INFO - Trial starts: [ 6193  6767  7146  7609  8012  8513  8968  9403  9903 10310]
2022-06-11 17:27:55,600 - INFO - Trial ends: [ 6487  7096  7476  7866  8268  8828  9222  9695 10179 10596]
2022-06-11 17:27:55,600 - INFO - Mean trial duration: 288.9
2022-06-11 17:27:55,601 - INFO - Number of observations in ROI: 2889
2022-06-11 17:27:55,607 - INFO - Saved data to ./output_20220611_172753/processed_con/attack/012.mat
2022-06-11 17:27:55,609 - INFO - Processing file './rawData/032.nirs', with condition 'attack' ...
2022-06-11 17:27:55,609 - INFO - Number of channels: 46, Number of regions: 11
2022-06-11 17:27:55,609 - INFO - Activation analysis! averaging trial data
2022-06-11 17:27:55,800 - INFO - Successfully loaded data from ./rawData/032.nirs
2022-06-11 17:27:55,800 - INFO - Data shape: (16470, 3, 46), Stimulus data shape: (16470, 4)
2022-06-11 17:27:55,800 - INFO - Number of stims: 20
2022-06-11 17:27:55,801 - INFO - Trial starts: [11277 11811 12379 12853 13413 13951 14390 14921 15633 16124]
2022-06-11 17:27:55,801 - INFO - Trial ends: [11528 12083 12659 13228 13680 14220 14694 15294 15902 16373]
2022-06-11 17:27:55,801 - INFO - Mean trial duration: 290.9
2022-06-11 17:27:55,802 - INFO - Number of observations in ROI: 249
2022-06-11 17:27:55,806 - INFO - Saved data to ./output_20220611_172753/processed_act/attack/032.mat
2022-06-11 17:27:55,806 - INFO - Processing file './rawData/032.nirs', with condition 'attack' ...
2022-06-11 17:27:55,806 - INFO - Number of channels: 46, Number of regions: 11
2022-06-11 17:27:55,806 - INFO - Connectivity analysis! concatenating trial data
2022-06-11 17:27:55,988 - INFO - Successfully loaded data from ./rawData/032.nirs
2022-06-11 17:27:55,988 - INFO - Data shape: (16470, 3, 46), Stimulus data shape: (16470, 4)
2022-06-11 17:27:55,988 - INFO - Number of stims: 20
2022-06-11 17:27:55,988 - INFO - Trial starts: [11277 11811 12379 12853 13413 13951 14390 14921 15633 16124]
2022-06-11 17:27:55,988 - INFO - Trial ends: [11528 12083 12659 13228 13680 14220 14694 15294 15902 16373]
2022-06-11 17:27:55,988 - INFO - Mean trial duration: 290.9
2022-06-11 17:27:55,989 - INFO - Number of observations in ROI: 2909
2022-06-11 17:27:55,995 - INFO - Saved data to ./output_20220611_172753/processed_con/attack/032.mat
