2022-10-15 14:18:40,673 - INFO - Processing file './rawData/012.nirs', with condition 'normal' ...
2022-10-15 14:18:40,673 - INFO - Number of channels: 46, Number of regions: 11
2022-10-15 14:18:40,673 - INFO - Activation analysis! averaging trial data
2022-10-15 14:18:40,803 - INFO - Successfully loaded data from ./rawData/012.nirs
2022-10-15 14:18:40,803 - INFO - Data shape: (11433, 3, 46), Stimulus data shape: (11433, 4)
2022-10-15 14:18:40,804 - INFO - Number of stims: 20
2022-10-15 14:18:40,804 - INFO - Trial starts: [1261 1719 2173 2696 3206 3609 4048 4424 4794 5169]
2022-10-15 14:18:40,804 - INFO - Trial ends: [1485 1974 2521 2946 3445 3857 4302 4667 5032 5431]
2022-10-15 14:18:40,804 - INFO - Mean trial duration: 256.1
2022-10-15 14:18:40,806 - INFO - Number of observations in ROI: 224
2022-10-15 14:18:40,810 - INFO - Saved data to ./output_20221015_141840/processed_act/normal/012.mat
2022-10-15 14:18:40,810 - INFO - Processing file './rawData/012.nirs', with condition 'normal' ...
2022-10-15 14:18:40,810 - INFO - Number of channels: 46, Number of regions: 11
2022-10-15 14:18:40,810 - INFO - Connectivity analysis! concatenating trial data
2022-10-15 14:18:40,934 - INFO - Successfully loaded data from ./rawData/012.nirs
2022-10-15 14:18:40,934 - INFO - Data shape: (11433, 3, 46), Stimulus data shape: (11433, 4)
2022-10-15 14:18:40,934 - INFO - Number of stims: 20
2022-10-15 14:18:40,934 - INFO - Trial starts: [1261 1719 2173 2696 3206 3609 4048 4424 4794 5169]
2022-10-15 14:18:40,934 - INFO - Trial ends: [1485 1974 2521 2946 3445 3857 4302 4667 5032 5431]
2022-10-15 14:18:40,934 - INFO - Mean trial duration: 256.1
2022-10-15 14:18:40,935 - INFO - Number of observations in ROI: 2561
2022-10-15 14:18:40,948 - INFO - Saved data to ./output_20221015_141840/processed_con/normal/012.mat
2022-10-15 14:18:40,950 - INFO - Processing file './rawData/032.nirs', with condition 'normal' ...
2022-10-15 14:18:40,950 - INFO - Number of channels: 46, Number of regions: 11
2022-10-15 14:18:40,950 - INFO - Activation analysis! averaging trial data
2022-10-15 14:18:41,186 - INFO - Successfully loaded data from ./rawData/032.nirs
2022-10-15 14:18:41,187 - INFO - Data shape: (16470, 3, 46), Stimulus data shape: (16470, 4)
2022-10-15 14:18:41,187 - INFO - Number of stims: 20
2022-10-15 14:18:41,187 - INFO - Trial starts: [5372 6014 6473 6985 7463 7914 8380 8820 9260 9709]
2022-10-15 14:18:41,188 - INFO - Trial ends: [ 5687  6261  6733  7240  7719  8192  8636  9076  9514 10006]
2022-10-15 14:18:41,188 - INFO - Mean trial duration: 267.4
2022-10-15 14:18:41,189 - INFO - Number of observations in ROI: 247
2022-10-15 14:18:41,190 - WARNING - Peak activation padding overshoots data at start
2022-10-15 14:18:41,205 - INFO - Saved data to ./output_20221015_141840/processed_act/normal/032.mat
2022-10-15 14:18:41,205 - INFO - Processing file './rawData/032.nirs', with condition 'normal' ...
2022-10-15 14:18:41,205 - INFO - Number of channels: 46, Number of regions: 11
2022-10-15 14:18:41,205 - INFO - Connectivity analysis! concatenating trial data
2022-10-15 14:18:41,384 - INFO - Successfully loaded data from ./rawData/032.nirs
2022-10-15 14:18:41,384 - INFO - Data shape: (16470, 3, 46), Stimulus data shape: (16470, 4)
2022-10-15 14:18:41,385 - INFO - Number of stims: 20
2022-10-15 14:18:41,385 - INFO - Trial starts: [5372 6014 6473 6985 7463 7914 8380 8820 9260 9709]
2022-10-15 14:18:41,385 - INFO - Trial ends: [ 5687  6261  6733  7240  7719  8192  8636  9076  9514 10006]
2022-10-15 14:18:41,385 - INFO - Mean trial duration: 267.4
2022-10-15 14:18:41,386 - INFO - Number of observations in ROI: 2674
2022-10-15 14:18:41,392 - INFO - Saved data to ./output_20221015_141840/processed_con/normal/032.mat
2022-10-15 14:18:42,180 - INFO - Processing file './rawData/012.nirs', with condition 'attack' ...
2022-10-15 14:18:42,180 - INFO - Number of channels: 46, Number of regions: 11
2022-10-15 14:18:42,180 - INFO - Activation analysis! averaging trial data
2022-10-15 14:18:42,311 - INFO - Successfully loaded data from ./rawData/012.nirs
2022-10-15 14:18:42,311 - INFO - Data shape: (11433, 3, 46), Stimulus data shape: (11433, 4)
2022-10-15 14:18:42,312 - INFO - Number of stims: 20
2022-10-15 14:18:42,312 - INFO - Trial starts: [ 6193  6767  7146  7609  8012  8513  8968  9403  9903 10310]
2022-10-15 14:18:42,312 - INFO - Trial ends: [ 6487  7096  7476  7866  8268  8828  9222  9695 10179 10596]
2022-10-15 14:18:42,312 - INFO - Mean trial duration: 288.9
2022-10-15 14:18:42,313 - INFO - Number of observations in ROI: 254
2022-10-15 14:18:42,314 - WARNING - Peak activation padding overshoots data at start
2022-10-15 14:18:42,320 - INFO - Saved data to ./output_20221015_141840/processed_act/attack/012.mat
2022-10-15 14:18:42,320 - INFO - Processing file './rawData/012.nirs', with condition 'attack' ...
2022-10-15 14:18:42,320 - INFO - Number of channels: 46, Number of regions: 11
2022-10-15 14:18:42,320 - INFO - Connectivity analysis! concatenating trial data
2022-10-15 14:18:42,452 - INFO - Successfully loaded data from ./rawData/012.nirs
2022-10-15 14:18:42,452 - INFO - Data shape: (11433, 3, 46), Stimulus data shape: (11433, 4)
2022-10-15 14:18:42,452 - INFO - Number of stims: 20
2022-10-15 14:18:42,452 - INFO - Trial starts: [ 6193  6767  7146  7609  8012  8513  8968  9403  9903 10310]
2022-10-15 14:18:42,452 - INFO - Trial ends: [ 6487  7096  7476  7866  8268  8828  9222  9695 10179 10596]
2022-10-15 14:18:42,452 - INFO - Mean trial duration: 288.9
2022-10-15 14:18:42,453 - INFO - Number of observations in ROI: 2889
2022-10-15 14:18:42,476 - INFO - Saved data to ./output_20221015_141840/processed_con/attack/012.mat
2022-10-15 14:18:42,478 - INFO - Processing file './rawData/032.nirs', with condition 'attack' ...
2022-10-15 14:18:42,478 - INFO - Number of channels: 46, Number of regions: 11
2022-10-15 14:18:42,478 - INFO - Activation analysis! averaging trial data
2022-10-15 14:18:42,671 - INFO - Successfully loaded data from ./rawData/032.nirs
2022-10-15 14:18:42,671 - INFO - Data shape: (16470, 3, 46), Stimulus data shape: (16470, 4)
2022-10-15 14:18:42,672 - INFO - Number of stims: 20
2022-10-15 14:18:42,672 - INFO - Trial starts: [11277 11811 12379 12853 13413 13951 14390 14921 15633 16124]
2022-10-15 14:18:42,672 - INFO - Trial ends: [11528 12083 12659 13228 13680 14220 14694 15294 15902 16373]
2022-10-15 14:18:42,672 - INFO - Mean trial duration: 290.9
2022-10-15 14:18:42,674 - INFO - Number of observations in ROI: 249
2022-10-15 14:18:42,680 - INFO - Saved data to ./output_20221015_141840/processed_act/attack/032.mat
2022-10-15 14:18:42,680 - INFO - Processing file './rawData/032.nirs', with condition 'attack' ...
2022-10-15 14:18:42,680 - INFO - Number of channels: 46, Number of regions: 11
2022-10-15 14:18:42,680 - INFO - Connectivity analysis! concatenating trial data
2022-10-15 14:18:42,870 - INFO - Successfully loaded data from ./rawData/032.nirs
2022-10-15 14:18:42,870 - INFO - Data shape: (16470, 3, 46), Stimulus data shape: (16470, 4)
2022-10-15 14:18:42,871 - INFO - Number of stims: 20
2022-10-15 14:18:42,871 - INFO - Trial starts: [11277 11811 12379 12853 13413 13951 14390 14921 15633 16124]
2022-10-15 14:18:42,871 - INFO - Trial ends: [11528 12083 12659 13228 13680 14220 14694 15294 15902 16373]
2022-10-15 14:18:42,871 - INFO - Mean trial duration: 290.9
2022-10-15 14:18:42,872 - INFO - Number of observations in ROI: 2909
2022-10-15 14:18:42,885 - INFO - Saved data to ./output_20221015_141840/processed_con/attack/032.mat
